# JRE version: OpenJDK Runtime Environment Temurin-21.0.7+6 (21.0.7+6) (build 21.0.7+6-LTS)
# Java VM: OpenJDK 64-Bit Server VM Temurin-21.0.7+6 (21.0.7+6-LTS, mixed mode, sharing, tiered, compressed oops, compressed class ptrs, parallel gc, windows-amd64)
GC Precious Log:
 CardTable entry size: 512
 CPUs: 16 total, 16 available
 Memory: 7805M
 Large Page Support: Disabled
 NUMA Support: Disabled
 Compressed Oops: Enabled (32-bit)
 Alignments: Space 512K, Generation 512K, Heap 2M
 Heap Min Capacity: 100M
 Heap Initial Capacity: 100M
 Heap Max Capacity: 2G
 Pre-touch: Disabled
 Parallel Workers: 13
Heap:
 PSYoungGen      total 7680K, used 6713K [0x00000000d5580000, 0x00000000d6500000, 0x0000000100000000)
  eden space 5120K, 88% used [0x00000000d5580000,0x00000000d59eca30,0x00000000d5a80000)
  from space 2560K, 85% used [0x00000000d6280000,0x00000000d64a1bb0,0x00000000d6500000)
  to   space 3584K, 0% used [0x00000000d5e00000,0x00000000d5e00000,0x00000000d6180000)
 ParOldGen       total 1250816K, used 1250566K [0x0000000080000000, 0x00000000cc580000, 0x00000000d5580000)
  object space 1250816K, 99% used [0x0000000080000000,0x00000000cc541ac0,0x00000000cc580000)
 Metaspace       used 81818K, committed 83648K, reserved 1179648K
  class space    used 9224K, committed 10048K, reserved 1048576K
GC Heap History (20 events):
Event: 114.184 GC heap after
{Heap after GC invocations=3316 (full 5):
 PSYoungGen      total 18944K, used 1888K [0x00000000d5580000, 0x00000000d6a00000, 0x0000000100000000)
  eden space 16896K, 0% used [0x00000000d5580000,0x00000000d5580000,0x00000000d6600000)
  from space 2048K, 92% used [0x00000000d6680000,0x00000000d6858000,0x00000000d6880000)
  to   space 1536K, 0% used [0x00000000d6880000,0x00000000d6880000,0x00000000d6a00000)
 ParOldGen       total 1197056K, used 1197054K [0x0000000080000000, 0x00000000c9100000, 0x00000000d5580000)
  object space 1197056K, 99% used [0x0000000080000000,0x00000000c90ffaa0,0x00000000c9100000)
 Metaspace       used 81151K, committed 82880K, reserved 1179648K
  class space    used 9136K, committed 9920K, reserved 1048576K
}
Event: 114.214 GC heap before
{Heap before GC invocations=3317 (full 5):
 PSYoungGen      total 18944K, used 18784K [0x00000000d5580000, 0x00000000d6a00000, 0x0000000100000000)
  eden space 16896K, 100% used [0x00000000d5580000,0x00000000d6600000,0x00000000d6600000)
  from space 2048K, 92% used [0x00000000d6680000,0x00000000d6858000,0x00000000d6880000)
  to   space 1536K, 0% used [0x00000000d6880000,0x00000000d6880000,0x00000000d6a00000)
 ParOldGen       total 1197056K, used 1197054K [0x0000000080000000, 0x00000000c9100000, 0x00000000d5580000)
  object space 1197056K, 99% used [0x0000000080000000,0x00000000c90ffaa0,0x00000000c9100000)
 Metaspace       used 81167K, committed 82880K, reserved 1179648K
  class space    used 9139K, committed 9920K, reserved 1048576K
}
Event: 114.216 GC heap after
{Heap after GC invocations=3317 (full 5):
 PSYoungGen      total 16896K, used 1536K [0x00000000d5580000, 0x00000000d6e00000, 0x0000000100000000)
  eden space 15360K, 0% used [0x00000000d5580000,0x00000000d5580000,0x00000000d6480000)
  from space 1536K, 100% used [0x00000000d6880000,0x00000000d6a00000,0x00000000d6a00000)
  to   space 4096K, 0% used [0x00000000d6480000,0x00000000d6480000,0x00000000d6880000)
 ParOldGen       total 1199104K, used 1199022K [0x0000000080000000, 0x00000000c9300000, 0x00000000d5580000)
  object space 1199104K, 99% used [0x0000000080000000,0x00000000c92ebaa0,0x00000000c9300000)
 Metaspace       used 81167K, committed 82880K, reserved 1179648K
  class space    used 9139K, committed 9920K, reserved 1048576K
}
Event: 114.247 GC heap before
{Heap before GC invocations=3318 (full 5):
 PSYoungGen      total 16896K, used 16587K [0x00000000d5580000, 0x00000000d6e00000, 0x0000000100000000)
  eden space 15360K, 97% used [0x00000000d5580000,0x00000000d6432ed8,0x00000000d6480000)
  from space 1536K, 100% used [0x00000000d6880000,0x00000000d6a00000,0x00000000d6a00000)
  to   space 4096K, 0% used [0x00000000d6480000,0x00000000d6480000,0x00000000d6880000)
 ParOldGen       total 1199104K, used 1199022K [0x0000000080000000, 0x00000000c9300000, 0x00000000d5580000)
  object space 1199104K, 99% used [0x0000000080000000,0x00000000c92ebaa0,0x00000000c9300000)
 Metaspace       used 81173K, committed 82880K, reserved 1179648K
  class space    used 9140K, committed 9920K, reserved 1048576K
}
Event: 114.251 GC heap after
{Heap after GC invocations=3318 (full 5):
 PSYoungGen      total 18432K, used 2592K [0x00000000d5580000, 0x00000000d6a80000, 0x0000000100000000)
  eden space 15360K, 0% used [0x00000000d5580000,0x00000000d5580000,0x00000000d6480000)
  from space 3072K, 84% used [0x00000000d6480000,0x00000000d6708018,0x00000000d6780000)
  to   space 3072K, 0% used [0x00000000d6780000,0x00000000d6780000,0x00000000d6a80000)
 ParOldGen       total 1200640K, used 1200510K [0x0000000080000000, 0x00000000c9480000, 0x00000000d5580000)
  object space 1200640K, 99% used [0x0000000080000000,0x00000000c945faa0,0x00000000c9480000)
 Metaspace       used 81173K, committed 82880K, reserved 1179648K
  class space    used 9140K, committed 9920K, reserved 1048576K
}
Event: 114.345 GC heap before
{Heap before GC invocations=3319 (full 5):
 PSYoungGen      total 18432K, used 17952K [0x00000000d5580000, 0x00000000d6a80000, 0x0000000100000000)
  eden space 15360K, 100% used [0x00000000d5580000,0x00000000d6480000,0x00000000d6480000)
  from space 3072K, 84% used [0x00000000d6480000,0x00000000d6708018,0x00000000d6780000)
  to   space 3072K, 0% used [0x00000000d6780000,0x00000000d6780000,0x00000000d6a80000)
 ParOldGen       total 1200640K, used 1200510K [0x0000000080000000, 0x00000000c9480000, 0x00000000d5580000)
  object space 1200640K, 99% used [0x0000000080000000,0x00000000c945faa0,0x00000000c9480000)
 Metaspace       used 81173K, committed 82880K, reserved 1179648K
  class space    used 9140K, committed 9920K, reserved 1048576K
}
Event: 114.350 GC heap after
{Heap after GC invocations=3319 (full 5):
 PSYoungGen      total 13824K, used 3044K [0x00000000d5580000, 0x00000000d7380000, 0x0000000100000000)
  eden space 10752K, 0% used [0x00000000d5580000,0x00000000d5580000,0x00000000d6000000)
  from space 3072K, 99% used [0x00000000d6780000,0x00000000d6a79008,0x00000000d6a80000)
  to   space 7680K, 0% used [0x00000000d6000000,0x00000000d6000000,0x00000000d6780000)
 ParOldGen       total 1204224K, used 1204178K [0x0000000080000000, 0x00000000c9800000, 0x00000000d5580000)
  object space 1204224K, 99% used [0x0000000080000000,0x00000000c97f4a68,0x00000000c9800000)
 Metaspace       used 81173K, committed 82880K, reserved 1179648K
  class space    used 9140K, committed 9920K, reserved 1048576K
}
Event: 114.424 GC heap before
{Heap before GC invocations=3320 (full 5):
 PSYoungGen      total 13824K, used 13796K [0x00000000d5580000, 0x00000000d7380000, 0x0000000100000000)
  eden space 10752K, 100% used [0x00000000d5580000,0x00000000d6000000,0x00000000d6000000)
  from space 3072K, 99% used [0x00000000d6780000,0x00000000d6a79008,0x00000000d6a80000)
  to   space 7680K, 0% used [0x00000000d6000000,0x00000000d6000000,0x00000000d6780000)
 ParOldGen       total 1204224K, used 1204178K [0x0000000080000000, 0x00000000c9800000, 0x00000000d5580000)
  object space 1204224K, 99% used [0x0000000080000000,0x00000000c97f4a68,0x00000000c9800000)
 Metaspace       used 81173K, committed 82880K, reserved 1179648K
  class space    used 9140K, committed 9920K, reserved 1048576K
}
Event: 114.429 GC heap after
{Heap after GC invocations=3320 (full 5):
 PSYoungGen      total 18432K, used 7387K [0x00000000d5580000, 0x00000000d7000000, 0x0000000100000000)
  eden space 10752K, 0% used [0x00000000d5580000,0x00000000d5580000,0x00000000d6000000)
  from space 7680K, 96% used [0x00000000d6000000,0x00000000d6736e80,0x00000000d6780000)
  to   space 8192K, 0% used [0x00000000d6800000,0x00000000d6800000,0x00000000d7000000)
 ParOldGen       total 1206272K, used 1205794K [0x0000000080000000, 0x00000000c9a00000, 0x00000000d5580000)
  object space 1206272K, 99% used [0x0000000080000000,0x00000000c9988a80,0x00000000c9a00000)
 Metaspace       used 81173K, committed 82880K, reserved 1179648K
  class space    used 9140K, committed 9920K, reserved 1048576K
}
Event: 114.516 GC heap before
{Heap before GC invocations=3321 (full 5):
 PSYoungGen      total 18432K, used 18139K [0x00000000d5580000, 0x00000000d7000000, 0x0000000100000000)
  eden space 10752K, 100% used [0x00000000d5580000,0x00000000d6000000,0x00000000d6000000)
  from space 7680K, 96% used [0x00000000d6000000,0x00000000d6736e80,0x00000000d6780000)
  to   space 8192K, 0% used [0x00000000d6800000,0x00000000d6800000,0x00000000d7000000)
 ParOldGen       total 1206272K, used 1205794K [0x0000000080000000, 0x00000000c9a00000, 0x00000000d5580000)
  object space 1206272K, 99% used [0x0000000080000000,0x00000000c9988a80,0x00000000c9a00000)
 Metaspace       used 81275K, committed 83008K, reserved 1179648K
  class space    used 9150K, committed 9920K, reserved 1048576K
}
Event: 115.601 GC heap after
{Heap after GC invocations=3321 (full 5):
 PSYoungGen      total 18944K, used 8162K [0x00000000d5580000, 0x00000000d7000000, 0x0000000100000000)
  eden space 10752K, 0% used [0x00000000d5580000,0x00000000d5580000,0x00000000d6000000)
  from space 8192K, 99% used [0x00000000d6800000,0x00000000d6ff88f0,0x00000000d7000000)
  to   space 7680K, 0% used [0x00000000d6000000,0x00000000d6000000,0x00000000d6780000)
 ParOldGen       total 1211904K, used 1211748K [0x0000000080000000, 0x00000000c9f80000, 0x00000000d5580000)
  object space 1211904K, 99% used [0x0000000080000000,0x00000000c9f593c8,0x00000000c9f80000)
 Metaspace       used 81275K, committed 83008K, reserved 1179648K
  class space    used 9150K, committed 9920K, reserved 1048576K
}
Event: 115.682 GC heap before
{Heap before GC invocations=3322 (full 5):
 PSYoungGen      total 18944K, used 18914K [0x00000000d5580000, 0x00000000d7000000, 0x0000000100000000)
  eden space 10752K, 100% used [0x00000000d5580000,0x00000000d6000000,0x00000000d6000000)
  from space 8192K, 99% used [0x00000000d6800000,0x00000000d6ff88f0,0x00000000d7000000)
  to   space 7680K, 0% used [0x00000000d6000000,0x00000000d6000000,0x00000000d6780000)
 ParOldGen       total 1211904K, used 1211748K [0x0000000080000000, 0x00000000c9f80000, 0x00000000d5580000)
  object space 1211904K, 99% used [0x0000000080000000,0x00000000c9f593c8,0x00000000c9f80000)
 Metaspace       used 81519K, committed 83264K, reserved 1179648K
  class space    used 9178K, committed 9984K, reserved 1048576K
}
Event: 115.688 GC heap after
{Heap after GC invocations=3322 (full 5):
 PSYoungGen      total 18432K, used 7658K [0x00000000d5580000, 0x00000000d7e00000, 0x0000000100000000)
  eden space 10752K, 0% used [0x00000000d5580000,0x00000000d5580000,0x00000000d6000000)
  from space 7680K, 99% used [0x00000000d6000000,0x00000000d677ab80,0x00000000d6780000)
  to   space 15360K, 0% used [0x00000000d6f00000,0x00000000d6f00000,0x00000000d7e00000)
 ParOldGen       total 1219072K, used 1218893K [0x0000000080000000, 0x00000000ca680000, 0x00000000d5580000)
  object space 1219072K, 99% used [0x0000000080000000,0x00000000ca653680,0x00000000ca680000)
 Metaspace       used 81519K, committed 83264K, reserved 1179648K
  class space    used 9178K, committed 9984K, reserved 1048576K
}
Event: 115.735 GC heap before
{Heap before GC invocations=3323 (full 5):
 PSYoungGen      total 18432K, used 18410K [0x00000000d5580000, 0x00000000d7e00000, 0x0000000100000000)
  eden space 10752K, 100% used [0x00000000d5580000,0x00000000d6000000,0x00000000d6000000)
  from space 7680K, 99% used [0x00000000d6000000,0x00000000d677ab80,0x00000000d6780000)
  to   space 15360K, 0% used [0x00000000d6f00000,0x00000000d6f00000,0x00000000d7e00000)
 ParOldGen       total 1219072K, used 1218893K [0x0000000080000000, 0x00000000ca680000, 0x00000000d5580000)
  object space 1219072K, 99% used [0x0000000080000000,0x00000000ca653680,0x00000000ca680000)
 Metaspace       used 81603K, committed 83328K, reserved 1179648K
  class space    used 9195K, committed 9984K, reserved 1048576K
}
Event: 115.741 GC heap after
{Heap after GC invocations=3323 (full 5):
 PSYoungGen      total 18432K, used 7433K [0x00000000d5580000, 0x00000000d7680000, 0x0000000100000000)
  eden space 10752K, 0% used [0x00000000d5580000,0x00000000d5580000,0x00000000d6000000)
  from space 7680K, 96% used [0x00000000d6f00000,0x00000000d7642718,0x00000000d7680000)
  to   space 10240K, 0% used [0x00000000d6280000,0x00000000d6280000,0x00000000d6c80000)
 ParOldGen       total 1226752K, used 1226589K [0x0000000080000000, 0x00000000cae00000, 0x00000000d5580000)
  object space 1226752K, 99% used [0x0000000080000000,0x00000000cadd7640,0x00000000cae00000)
 Metaspace       used 81603K, committed 83328K, reserved 1179648K
  class space    used 9195K, committed 9984K, reserved 1048576K
}
Event: 115.796 GC heap before
{Heap before GC invocations=3324 (full 5):
 PSYoungGen      total 18432K, used 18185K [0x00000000d5580000, 0x00000000d7680000, 0x0000000100000000)
  eden space 10752K, 100% used [0x00000000d5580000,0x00000000d6000000,0x00000000d6000000)
  from space 7680K, 96% used [0x00000000d6f00000,0x00000000d7642718,0x00000000d7680000)
  to   space 10240K, 0% used [0x00000000d6280000,0x00000000d6280000,0x00000000d6c80000)
 ParOldGen       total 1226752K, used 1226589K [0x0000000080000000, 0x00000000cae00000, 0x00000000d5580000)
  object space 1226752K, 99% used [0x0000000080000000,0x00000000cadd7640,0x00000000cae00000)
 Metaspace       used 81666K, committed 83392K, reserved 1179648K
  class space    used 9203K, committed 9984K, reserved 1048576K
}
Event: 115.802 GC heap after
{Heap after GC invocations=3324 (full 5):
 PSYoungGen      total 17920K, used 7016K [0x00000000d5580000, 0x00000000d6f80000, 0x0000000100000000)
  eden space 10752K, 0% used [0x00000000d5580000,0x00000000d5580000,0x00000000d6000000)
  from space 7168K, 97% used [0x00000000d6280000,0x00000000d695a350,0x00000000d6980000)
  to   space 6144K, 0% used [0x00000000d6980000,0x00000000d6980000,0x00000000d6f80000)
 ParOldGen       total 1232896K, used 1232767K [0x0000000080000000, 0x00000000cb400000, 0x00000000d5580000)
  object space 1232896K, 99% used [0x0000000080000000,0x00000000cb3dff28,0x00000000cb400000)
 Metaspace       used 81666K, committed 83392K, reserved 1179648K
  class space    used 9203K, committed 9984K, reserved 1048576K
}
Event: 115.919 GC heap before
{Heap before GC invocations=3325 (full 5):
 PSYoungGen      total 17920K, used 17768K [0x00000000d5580000, 0x00000000d6f80000, 0x0000000100000000)
  eden space 10752K, 100% used [0x00000000d5580000,0x00000000d6000000,0x00000000d6000000)
  from space 7168K, 97% used [0x00000000d6280000,0x00000000d695a350,0x00000000d6980000)
  to   space 6144K, 0% used [0x00000000d6980000,0x00000000d6980000,0x00000000d6f80000)
 ParOldGen       total 1232896K, used 1232767K [0x0000000080000000, 0x00000000cb400000, 0x00000000d5580000)
  object space 1232896K, 99% used [0x0000000080000000,0x00000000cb3dff28,0x00000000cb400000)
 Metaspace       used 81781K, committed 83584K, reserved 1179648K
  class space    used 9222K, committed 10048K, reserved 1048576K
}
Event: 115.926 GC heap after
{Heap after GC invocations=3325 (full 5):
 PSYoungGen      total 10240K, used 6125K [0x00000000d5580000, 0x00000000d8000000, 0x0000000100000000)
  eden space 4096K, 0% used [0x00000000d5580000,0x00000000d5580000,0x00000000d5980000)
  from space 6144K, 99% used [0x00000000d6980000,0x00000000d6f7b760,0x00000000d6f80000)
  to   space 16384K, 0% used [0x00000000d5980000,0x00000000d5980000,0x00000000d6980000)
 ParOldGen       total 1241600K, used 1241569K [0x0000000080000000, 0x00000000cbc80000, 0x00000000d5580000)
  object space 1241600K, 99% used [0x0000000080000000,0x00000000cbc786c0,0x00000000cbc80000)
 Metaspace       used 81781K, committed 83584K, reserved 1179648K
  class space    used 9222K, committed 10048K, reserved 1048576K
}
Event: 115.977 GC heap before
{Heap before GC invocations=3326 (full 5):
 PSYoungGen      total 10240K, used 10183K [0x00000000d5580000, 0x00000000d8000000, 0x0000000100000000)
  eden space 4096K, 99% used [0x00000000d5580000,0x00000000d5976850,0x00000000d5980000)
  from space 6144K, 99% used [0x00000000d6980000,0x00000000d6f7b760,0x00000000d6f80000)
  to   space 16384K, 0% used [0x00000000d5980000,0x00000000d5980000,0x00000000d6980000)
 ParOldGen       total 1241600K, used 1241569K [0x0000000080000000, 0x00000000cbc80000, 0x00000000d5580000)
  object space 1241600K, 99% used [0x0000000080000000,0x00000000cbc786c0,0x00000000cbc80000)
 Metaspace       used 81785K, committed 83584K, reserved 1179648K
  class space    used 9224K, committed 10048K, reserved 1048576K
}

