# JRE version: OpenJDK Runtime Environment Temurin-21.0.7+6 (21.0.7+6) (build 21.0.7+6-LTS)
# Java VM: OpenJDK 64-Bit Server VM Temurin-21.0.7+6 (21.0.7+6-LTS, mixed mode, sharing, tiered, compressed oops, compressed class ptrs, parallel gc, windows-amd64)
GC Precious Log:
 CardTable entry size: 512
 CPUs: 16 total, 16 available
 Memory: 7805M
 Large Page Support: Disabled
 NUMA Support: Disabled
 Compressed Oops: Enabled (32-bit)
 Alignments: Space 512K, Generation 512K, Heap 2M
 Heap Min Capacity: 100M
 Heap Initial Capacity: 100M
 Heap Max Capacity: 2G
 Pre-touch: Disabled
 Parallel Workers: 13
Heap:
 PSYoungGen      total 12288K, used 1154K [0x00000000d5580000, 0x00000000d6380000, 0x0000000100000000)
  eden space 11264K, 7% used [0x00000000d5580000,0x00000000d5656708,0x00000000d6080000)
  from space 1024K, 46% used [0x00000000d6100000,0x00000000d6178000,0x00000000d6200000)
  to   space 512K, 0% used [0x00000000d6080000,0x00000000d6080000,0x00000000d6100000)
 ParOldGen       total 739840K, used 739528K [0x0000000080000000, 0x00000000ad280000, 0x00000000d5580000)
  object space 739840K, 99% used [0x0000000080000000,0x00000000ad2320e8,0x00000000ad280000)
 Metaspace       used 87735K, committed 89792K, reserved 1179648K
  class space    used 9841K, committed 10816K, reserved 1048576K
GC Heap History (20 events):
Event: 442.529 GC heap before
{Heap before GC invocations=6481 (full 6):
 PSYoungGen      total 12288K, used 12160K [0x00000000d5580000, 0x00000000d6300000, 0x0000000100000000)
  eden space 10752K, 100% used [0x00000000d5580000,0x00000000d6000000,0x00000000d6000000)
  from space 1536K, 91% used [0x00000000d6180000,0x00000000d62e0000,0x00000000d6300000)
  to   space 1536K, 0% used [0x00000000d6000000,0x00000000d6000000,0x00000000d6180000)
 ParOldGen       total 738304K, used 737871K [0x0000000080000000, 0x00000000ad100000, 0x00000000d5580000)
  object space 738304K, 99% used [0x0000000080000000,0x00000000ad093e08,0x00000000ad100000)
 Metaspace       used 87622K, committed 89664K, reserved 1179648K
  class space    used 9833K, committed 10752K, reserved 1048576K
}
Event: 442.531 GC heap after
{Heap after GC invocations=6481 (full 6):
 PSYoungGen      total 12288K, used 1312K [0x00000000d5580000, 0x00000000d6300000, 0x0000000100000000)
  eden space 10752K, 0% used [0x00000000d5580000,0x00000000d5580000,0x00000000d6000000)
  from space 1536K, 85% used [0x00000000d6000000,0x00000000d6148000,0x00000000d6180000)
  to   space 1536K, 0% used [0x00000000d6180000,0x00000000d6180000,0x00000000d6300000)
 ParOldGen       total 738304K, used 738055K [0x0000000080000000, 0x00000000ad100000, 0x00000000d5580000)
  object space 738304K, 99% used [0x0000000080000000,0x00000000ad0c1e78,0x00000000ad100000)
 Metaspace       used 87622K, committed 89664K, reserved 1179648K
  class space    used 9833K, committed 10752K, reserved 1048576K
}
Event: 442.571 GC heap before
{Heap before GC invocations=6482 (full 6):
 PSYoungGen      total 12288K, used 12064K [0x00000000d5580000, 0x00000000d6300000, 0x0000000100000000)
  eden space 10752K, 100% used [0x00000000d5580000,0x00000000d6000000,0x00000000d6000000)
  from space 1536K, 85% used [0x00000000d6000000,0x00000000d6148000,0x00000000d6180000)
  to   space 1536K, 0% used [0x00000000d6180000,0x00000000d6180000,0x00000000d6300000)
 ParOldGen       total 738304K, used 738055K [0x0000000080000000, 0x00000000ad100000, 0x00000000d5580000)
  object space 738304K, 99% used [0x0000000080000000,0x00000000ad0c1e78,0x00000000ad100000)
 Metaspace       used 87622K, committed 89664K, reserved 1179648K
  class space    used 9833K, committed 10752K, reserved 1048576K
}
Event: 442.572 GC heap after
{Heap after GC invocations=6482 (full 6):
 PSYoungGen      total 12288K, used 1120K [0x00000000d5580000, 0x00000000d6300000, 0x0000000100000000)
  eden space 10752K, 0% used [0x00000000d5580000,0x00000000d5580000,0x00000000d6000000)
  from space 1536K, 72% used [0x00000000d6180000,0x00000000d6298000,0x00000000d6300000)
  to   space 1536K, 0% used [0x00000000d6000000,0x00000000d6000000,0x00000000d6180000)
 ParOldGen       total 738304K, used 738255K [0x0000000080000000, 0x00000000ad100000, 0x00000000d5580000)
  object space 738304K, 99% used [0x0000000080000000,0x00000000ad0f3e78,0x00000000ad100000)
 Metaspace       used 87622K, committed 89664K, reserved 1179648K
  class space    used 9833K, committed 10752K, reserved 1048576K
}
Event: 442.607 GC heap before
{Heap before GC invocations=6483 (full 6):
 PSYoungGen      total 12288K, used 11872K [0x00000000d5580000, 0x00000000d6300000, 0x0000000100000000)
  eden space 10752K, 100% used [0x00000000d5580000,0x00000000d6000000,0x00000000d6000000)
  from space 1536K, 72% used [0x00000000d6180000,0x00000000d6298000,0x00000000d6300000)
  to   space 1536K, 0% used [0x00000000d6000000,0x00000000d6000000,0x00000000d6180000)
 ParOldGen       total 738304K, used 738255K [0x0000000080000000, 0x00000000ad100000, 0x00000000d5580000)
  object space 738304K, 99% used [0x0000000080000000,0x00000000ad0f3e78,0x00000000ad100000)
 Metaspace       used 87622K, committed 89664K, reserved 1179648K
  class space    used 9833K, committed 10752K, reserved 1048576K
}
Event: 442.609 GC heap after
{Heap after GC invocations=6483 (full 6):
 PSYoungGen      total 12288K, used 992K [0x00000000d5580000, 0x00000000d6300000, 0x0000000100000000)
  eden space 10752K, 0% used [0x00000000d5580000,0x00000000d5580000,0x00000000d6000000)
  from space 1536K, 64% used [0x00000000d6000000,0x00000000d60f8000,0x00000000d6180000)
  to   space 1536K, 0% used [0x00000000d6180000,0x00000000d6180000,0x00000000d6300000)
 ParOldGen       total 738816K, used 738407K [0x0000000080000000, 0x00000000ad180000, 0x00000000d5580000)
  object space 738816K, 99% used [0x0000000080000000,0x00000000ad119e78,0x00000000ad180000)
 Metaspace       used 87622K, committed 89664K, reserved 1179648K
  class space    used 9833K, committed 10752K, reserved 1048576K
}
Event: 442.643 GC heap before
{Heap before GC invocations=6484 (full 6):
 PSYoungGen      total 12288K, used 11744K [0x00000000d5580000, 0x00000000d6300000, 0x0000000100000000)
  eden space 10752K, 100% used [0x00000000d5580000,0x00000000d6000000,0x00000000d6000000)
  from space 1536K, 64% used [0x00000000d6000000,0x00000000d60f8000,0x00000000d6180000)
  to   space 1536K, 0% used [0x00000000d6180000,0x00000000d6180000,0x00000000d6300000)
 ParOldGen       total 738816K, used 738407K [0x0000000080000000, 0x00000000ad180000, 0x00000000d5580000)
  object space 738816K, 99% used [0x0000000080000000,0x00000000ad119e78,0x00000000ad180000)
 Metaspace       used 87622K, committed 89664K, reserved 1179648K
  class space    used 9833K, committed 10752K, reserved 1048576K
}
Event: 442.644 GC heap after
{Heap after GC invocations=6484 (full 6):
 PSYoungGen      total 11776K, used 960K [0x00000000d5580000, 0x00000000d6280000, 0x0000000100000000)
  eden space 10752K, 0% used [0x00000000d5580000,0x00000000d5580000,0x00000000d6000000)
  from space 1024K, 93% used [0x00000000d6180000,0x00000000d6270000,0x00000000d6280000)
  to   space 1024K, 0% used [0x00000000d6080000,0x00000000d6080000,0x00000000d6180000)
 ParOldGen       total 738816K, used 738543K [0x0000000080000000, 0x00000000ad180000, 0x00000000d5580000)
  object space 738816K, 99% used [0x0000000080000000,0x00000000ad13be78,0x00000000ad180000)
 Metaspace       used 87622K, committed 89664K, reserved 1179648K
  class space    used 9833K, committed 10752K, reserved 1048576K
}
Event: 442.675 GC heap before
{Heap before GC invocations=6485 (full 6):
 PSYoungGen      total 11776K, used 11712K [0x00000000d5580000, 0x00000000d6280000, 0x0000000100000000)
  eden space 10752K, 100% used [0x00000000d5580000,0x00000000d6000000,0x00000000d6000000)
  from space 1024K, 93% used [0x00000000d6180000,0x00000000d6270000,0x00000000d6280000)
  to   space 1024K, 0% used [0x00000000d6080000,0x00000000d6080000,0x00000000d6180000)
 ParOldGen       total 738816K, used 738543K [0x0000000080000000, 0x00000000ad180000, 0x00000000d5580000)
  object space 738816K, 99% used [0x0000000080000000,0x00000000ad13be78,0x00000000ad180000)
 Metaspace       used 87622K, committed 89664K, reserved 1179648K
  class space    used 9833K, committed 10752K, reserved 1048576K
}
Event: 442.677 GC heap after
{Heap after GC invocations=6485 (full 6):
 PSYoungGen      total 11776K, used 832K [0x00000000d5580000, 0x00000000d6200000, 0x0000000100000000)
  eden space 10752K, 0% used [0x00000000d5580000,0x00000000d5580000,0x00000000d6000000)
  from space 1024K, 81% used [0x00000000d6080000,0x00000000d6150000,0x00000000d6180000)
  to   space 512K, 0% used [0x00000000d6180000,0x00000000d6180000,0x00000000d6200000)
 ParOldGen       total 738816K, used 738791K [0x0000000080000000, 0x00000000ad180000, 0x00000000d5580000)
  object space 738816K, 99% used [0x0000000080000000,0x00000000ad179e78,0x00000000ad180000)
 Metaspace       used 87622K, committed 89664K, reserved 1179648K
  class space    used 9833K, committed 10752K, reserved 1048576K
}
Event: 442.705 GC heap before
{Heap before GC invocations=6486 (full 6):
 PSYoungGen      total 11776K, used 11584K [0x00000000d5580000, 0x00000000d6200000, 0x0000000100000000)
  eden space 10752K, 100% used [0x00000000d5580000,0x00000000d6000000,0x00000000d6000000)
  from space 1024K, 81% used [0x00000000d6080000,0x00000000d6150000,0x00000000d6180000)
  to   space 512K, 0% used [0x00000000d6180000,0x00000000d6180000,0x00000000d6200000)
 ParOldGen       total 738816K, used 738791K [0x0000000080000000, 0x00000000ad180000, 0x00000000d5580000)
  object space 738816K, 99% used [0x0000000080000000,0x00000000ad179e78,0x00000000ad180000)
 Metaspace       used 87622K, committed 89664K, reserved 1179648K
  class space    used 9833K, committed 10752K, reserved 1048576K
}
Event: 442.707 GC heap after
{Heap after GC invocations=6486 (full 6):
 PSYoungGen      total 11264K, used 480K [0x00000000d5580000, 0x00000000d6200000, 0x0000000100000000)
  eden space 10752K, 0% used [0x00000000d5580000,0x00000000d5580000,0x00000000d6000000)
  from space 512K, 93% used [0x00000000d6180000,0x00000000d61f8000,0x00000000d6200000)
  to   space 1024K, 0% used [0x00000000d6000000,0x00000000d6000000,0x00000000d6100000)
 ParOldGen       total 739328K, used 739252K [0x0000000080000000, 0x00000000ad200000, 0x00000000d5580000)
  object space 739328K, 99% used [0x0000000080000000,0x00000000ad1ed068,0x00000000ad200000)
 Metaspace       used 87622K, committed 89664K, reserved 1179648K
  class space    used 9833K, committed 10752K, reserved 1048576K
}
Event: 442.735 GC heap before
{Heap before GC invocations=6487 (full 6):
 PSYoungGen      total 11264K, used 11232K [0x00000000d5580000, 0x00000000d6200000, 0x0000000100000000)
  eden space 10752K, 100% used [0x00000000d5580000,0x00000000d6000000,0x00000000d6000000)
  from space 512K, 93% used [0x00000000d6180000,0x00000000d61f8000,0x00000000d6200000)
  to   space 1024K, 0% used [0x00000000d6000000,0x00000000d6000000,0x00000000d6100000)
 ParOldGen       total 739328K, used 739252K [0x0000000080000000, 0x00000000ad200000, 0x00000000d5580000)
  object space 739328K, 99% used [0x0000000080000000,0x00000000ad1ed068,0x00000000ad200000)
 Metaspace       used 87622K, committed 89664K, reserved 1179648K
  class space    used 9833K, committed 10752K, reserved 1048576K
}
Event: 442.737 GC heap after
{Heap after GC invocations=6487 (full 6):
 PSYoungGen      total 11776K, used 416K [0x00000000d5580000, 0x00000000d6200000, 0x0000000100000000)
  eden space 10752K, 0% used [0x00000000d5580000,0x00000000d5580000,0x00000000d6000000)
  from space 1024K, 40% used [0x00000000d6000000,0x00000000d6068000,0x00000000d6100000)
  to   space 512K, 0% used [0x00000000d6180000,0x00000000d6180000,0x00000000d6200000)
 ParOldGen       total 739840K, used 739408K [0x0000000080000000, 0x00000000ad280000, 0x00000000d5580000)
  object space 739840K, 99% used [0x0000000080000000,0x00000000ad2140b8,0x00000000ad280000)
 Metaspace       used 87622K, committed 89664K, reserved 1179648K
  class space    used 9833K, committed 10752K, reserved 1048576K
}
Event: 442.767 GC heap before
{Heap before GC invocations=6488 (full 6):
 PSYoungGen      total 11776K, used 11168K [0x00000000d5580000, 0x00000000d6200000, 0x0000000100000000)
  eden space 10752K, 100% used [0x00000000d5580000,0x00000000d6000000,0x00000000d6000000)
  from space 1024K, 40% used [0x00000000d6000000,0x00000000d6068000,0x00000000d6100000)
  to   space 512K, 0% used [0x00000000d6180000,0x00000000d6180000,0x00000000d6200000)
 ParOldGen       total 739840K, used 739408K [0x0000000080000000, 0x00000000ad280000, 0x00000000d5580000)
  object space 739840K, 99% used [0x0000000080000000,0x00000000ad2140b8,0x00000000ad280000)
 Metaspace       used 87622K, committed 89664K, reserved 1179648K
  class space    used 9833K, committed 10752K, reserved 1048576K
}
Event: 442.768 GC heap after
{Heap after GC invocations=6488 (full 6):
 PSYoungGen      total 11264K, used 416K [0x00000000d5580000, 0x00000000d6200000, 0x0000000100000000)
  eden space 10752K, 0% used [0x00000000d5580000,0x00000000d5580000,0x00000000d6000000)
  from space 512K, 81% used [0x00000000d6180000,0x00000000d61e8000,0x00000000d6200000)
  to   space 512K, 0% used [0x00000000d6100000,0x00000000d6100000,0x00000000d6180000)
 ParOldGen       total 739840K, used 739520K [0x0000000080000000, 0x00000000ad280000, 0x00000000d5580000)
  object space 739840K, 99% used [0x0000000080000000,0x00000000ad2300e8,0x00000000ad280000)
 Metaspace       used 87622K, committed 89664K, reserved 1179648K
  class space    used 9833K, committed 10752K, reserved 1048576K
}
Event: 442.794 GC heap before
{Heap before GC invocations=6489 (full 6):
 PSYoungGen      total 11264K, used 11168K [0x00000000d5580000, 0x00000000d6200000, 0x0000000100000000)
  eden space 10752K, 100% used [0x00000000d5580000,0x00000000d6000000,0x00000000d6000000)
  from space 512K, 81% used [0x00000000d6180000,0x00000000d61e8000,0x00000000d6200000)
  to   space 512K, 0% used [0x00000000d6100000,0x00000000d6100000,0x00000000d6180000)
 ParOldGen       total 739840K, used 739520K [0x0000000080000000, 0x00000000ad280000, 0x00000000d5580000)
  object space 739840K, 99% used [0x0000000080000000,0x00000000ad2300e8,0x00000000ad280000)
 Metaspace       used 87622K, committed 89664K, reserved 1179648K
  class space    used 9833K, committed 10752K, reserved 1048576K
}
Event: 442.796 GC heap after
{Heap after GC invocations=6489 (full 6):
 PSYoungGen      total 11264K, used 384K [0x00000000d5580000, 0x00000000d6200000, 0x0000000100000000)
  eden space 10752K, 0% used [0x00000000d5580000,0x00000000d5580000,0x00000000d6000000)
  from space 512K, 75% used [0x00000000d6100000,0x00000000d6160000,0x00000000d6180000)
  to   space 512K, 0% used [0x00000000d6180000,0x00000000d6180000,0x00000000d6200000)
 ParOldGen       total 739840K, used 739520K [0x0000000080000000, 0x00000000ad280000, 0x00000000d5580000)
  object space 739840K, 99% used [0x0000000080000000,0x00000000ad2300e8,0x00000000ad280000)
 Metaspace       used 87622K, committed 89664K, reserved 1179648K
  class space    used 9833K, committed 10752K, reserved 1048576K
}
Event: 443.033 GC heap before
{Heap before GC invocations=6490 (full 6):
 PSYoungGen      total 11264K, used 11136K [0x00000000d5580000, 0x00000000d6200000, 0x0000000100000000)
  eden space 10752K, 100% used [0x00000000d5580000,0x00000000d6000000,0x00000000d6000000)
  from space 512K, 75% used [0x00000000d6100000,0x00000000d6160000,0x00000000d6180000)
  to   space 512K, 0% used [0x00000000d6180000,0x00000000d6180000,0x00000000d6200000)
 ParOldGen       total 739840K, used 739520K [0x0000000080000000, 0x00000000ad280000, 0x00000000d5580000)
  object space 739840K, 99% used [0x0000000080000000,0x00000000ad2300e8,0x00000000ad280000)
 Metaspace       used 87730K, committed 89792K, reserved 1179648K
  class space    used 9841K, committed 10816K, reserved 1048576K
}
Event: 443.035 GC heap after
{Heap after GC invocations=6490 (full 6):
 PSYoungGen      total 11264K, used 512K [0x00000000d5580000, 0x00000000d6200000, 0x0000000100000000)
  eden space 10752K, 0% used [0x00000000d5580000,0x00000000d5580000,0x00000000d6000000)
  from space 512K, 100% used [0x00000000d6180000,0x00000000d6200000,0x00000000d6200000)
  to   space 1024K, 0% used [0x00000000d6000000,0x00000000d6000000,0x00000000d6100000)
 ParOldGen       total 739840K, used 739528K [0x0000000080000000, 0x00000000ad280000, 0x00000000d5580000)
  object space 739840K, 99% used [0x0000000080000000,0x00000000ad2320e8,0x00000000ad280000)
 Metaspace       used 87730K, committed 89792K, reserved 1179648K
  class space    used 9841K, committed 10816K, reserved 1048576K
}

